1518110898263:help
1518154714355:cp_dev dev1 /ocs_notification/_search?size=2000 dev2
1518154734011:stacktrace
1518154775723:cd_dev dev1 /ocs_notification/_search?size=2000 dev2
1518154788854:cp_dev  dev1 /ocs_notification/_search?size=2000 dev2
1518155011088:cp_dev dev1 /ocs_notification/_search?size=20 dev2
1518155218102:cp_dev dev1 /ocs_notification/_search?size=2000 dev2
1518155829680:cp_dev dev1 /ocs_notification/_search?size=2000&routing=@uim_communication_time dev2
1518411279979:cp_dev dev2 order/_search ci
1518412211520:cp_dev dev2 order/_search?size=100 ci
1518412592036:cp_ev dev1 order/_search ci
1518412627039:shell:>cp_dev dev1 order/_search?size=100 ci
1518412635575:cp_dev dev1 order/_search?size=100 ci
1518412807920:cp_dev dev1 order/_search?size=1000 ci
1518413578400:cp_dev dev2 history_order/_search?size=1000 ci
1518414606163:cp_dev ci history_order/_search?size=3000 dev2
1518414617777:cp_dev ci history_order/_search?size=2000 dev2
1518414626698:stacktrace
1518414722766:cp_dev ci history_order/_search?size=2000 dev2
1518414836456:cp_dev ci order_history/_search?size=3000 dev2
1518414886078:cp_dev ci order_history/_search?size=2000 dev2
1518414901205:stacktrace
1518414980396:cp_dev ci history_order/_search?size=3000 dev2
1518415099386:cp_dev ci history_order_search?size=2000 dev2
1518415152303:cp_dev ci history_order/_search?size=3000 dev2
1518416416247:cp_from_file history_order.json dev2
1518417952082:cp_file dev1 order/_search
1518419145758:cp_file dev2 order [
1518419183922:cp_file dev2 order "size": 2000
1518419197874:cp_file dev2 order '"size": 2000'
1518419237918:stacktrace
1518419267663:cp_file dev2 order ""size": 2000"
1518419294911:cp_file dev2 order "{"size": 2000}"
1518419321948:cp_file dev2 order "{\\"size\\": 2000}"
1518419391276:cp_file dev2 order '{"size": 2000}'
